2021-08-15 20:57:34,283 [DEBUG] CloudFormation client initialized with endpoint https://cloudformation.us-east-1.amazonaws.com
2021-08-15 20:57:34,284 [DEBUG] SQS client initialized with endpoint https://sqs.us-east-1.amazonaws.com
2021-08-15 20:57:34,284 [DEBUG] CloudFormation client initialized with endpoint https://cloudformation.us-east-1.amazonaws.com
2021-08-15 20:57:34,284 [DEBUG] Enabled single threading mode.
2021-08-15 20:57:34,284 [DEBUG] Creating /var/lib/cfn-hup/data
2021-08-15 20:57:34,301 [INFO] No umask value specified in config file. Using the default one: 0o22
2021-08-15 20:57:35,156 [INFO] Refreshing listener credentials
2021-08-15 20:57:35,312 [INFO] Scheduling next credential refresh in 1799.0 seconds
2021-08-15 20:59:45,541 [INFO] Received command ElasticBeanstalkCommand-AWSEBAutoScalingGroup (invocation id: 8e920a1e-e53d-4805-a730-29bf20d58d73)
2021-08-15 20:59:45,541 [INFO] Running action for aws-eb-command-handler
2021-08-15 20:59:50,641 [INFO] Action for aws-eb-command-handler succeeded, returning SUCCESS
2021-08-15 21:02:50,960 [INFO] command processing is alive.
2021-08-15 21:07:51,378 [INFO] command processing is alive.
2021-08-15 21:12:51,901 [INFO] command processing is alive.
2021-08-15 21:17:52,387 [INFO] command processing is alive.
2021-08-15 21:22:52,826 [INFO] command processing is alive.
2021-08-15 21:27:34,313 [INFO] Refreshing listener credentials
2021-08-15 21:27:34,407 [INFO] Scheduling next credential refresh in 1799.0 seconds
2021-08-15 21:27:53,252 [INFO] command processing is alive.
2021-08-15 21:32:53,664 [INFO] command processing is alive.
2021-08-15 21:37:54,158 [INFO] command processing is alive.
2021-08-15 21:39:49,316 [INFO] Received command ElasticBeanstalkCommand-AWSEBAutoScalingGroup (invocation id: 9ce76ac9-c4b6-40e4-b6d8-e7354d78c873)
2021-08-15 21:39:49,316 [INFO] Running action for aws-eb-command-handler
2021-08-15 21:39:50,093 [INFO] Action for aws-eb-command-handler succeeded, returning SUCCESS
2021-08-15 21:43:10,451 [INFO] command processing is alive.
2021-08-15 21:43:31,777 [INFO] Received command ElasticBeanstalkCommand-AWSEBAutoScalingGroup (invocation id: 8235be1b-bbeb-47f5-ac77-994d2ecaf2d5)
2021-08-15 21:43:31,778 [INFO] Running action for aws-eb-command-handler
